<?xml version="1.0" encoding="UTF-8"?>
<!-- Generated by org.testng.reporters.JUnitReportReporter -->
<testsuite skipped="0" hostname="HP-PC" name="com.crm.qa.testcases.HomePageTest" tests="3" failures="0" timestamp="22 Dec 2018 10:49:00 GMT" time="162.671" errors="0">
  <testcase name="verifyhomePageTitleTest" time="56.778" classname="com.crm.qa.testcases.HomePageTest"/>
  <testcase name="verifyUserNameLabelTest" time="58.033" classname="com.crm.qa.testcases.HomePageTest"/>
  <testcase name="verifyContactsLinkTest" time="47.860" classname="com.crm.qa.testcases.HomePageTest"/>
</testsuite> <!-- com.crm.qa.testcases.HomePageTest -->
